nohup: ignoring input
2025-10-04 04:13:22,301 - httpx - INFO - HTTP Request: POST https://api.telegram.org/bot8350475473:AAFKPXj8WZXyV61oZEOh5tj18U13NywM9Xg/getMe "HTTP/1.1 200 OK"
2025-10-04 04:13:22,419 - httpx - INFO - HTTP Request: POST https://api.telegram.org/bot8350475473:AAFKPXj8WZXyV61oZEOh5tj18U13NywM9Xg/deleteWebhook "HTTP/1.1 200 OK"
2025-10-04 04:13:22,421 - telegram.ext.Application - INFO - Application started
2025-10-04 04:13:32,777 - httpx - INFO - HTTP Request: POST https://api.telegram.org/bot8350475473:AAFKPXj8WZXyV61oZEOh5tj18U13NywM9Xg/getUpdates "HTTP/1.1 200 OK"
2025-10-04 04:13:42,896 - httpx - INFO - HTTP Request: POST https://api.telegram.org/bot8350475473:AAFKPXj8WZXyV61oZEOh5tj18U13NywM9Xg/getUpdates "HTTP/1.1 200 OK"
2025-10-04 04:13:53,015 - httpx - INFO - HTTP Request: POST https://api.telegram.org/bot8350475473:AAFKPXj8WZXyV61oZEOh5tj18U13NywM9Xg/getUpdates "HTTP/1.1 200 OK"
2025-10-04 04:14:03,134 - httpx - INFO - HTTP Request: POST https://api.telegram.org/bot8350475473:AAFKPXj8WZXyV61oZEOh5tj18U13NywM9Xg/getUpdates "HTTP/1.1 200 OK"
2025-10-04 04:14:13,254 - httpx - INFO - HTTP Request: POST https://api.telegram.org/bot8350475473:AAFKPXj8WZXyV61oZEOh5tj18U13NywM9Xg/getUpdates "HTTP/1.1 200 OK"
2025-10-04 04:14:23,373 - httpx - INFO - HTTP Request: POST https://api.telegram.org/bot8350475473:AAFKPXj8WZXyV61oZEOh5tj18U13NywM9Xg/getUpdates "HTTP/1.1 200 OK"
2025-10-04 04:14:33,492 - httpx - INFO - HTTP Request: POST https://api.telegram.org/bot8350475473:AAFKPXj8WZXyV61oZEOh5tj18U13NywM9Xg/getUpdates "HTTP/1.1 200 OK"
2025-10-04 04:14:43,612 - httpx - INFO - HTTP Request: POST https://api.telegram.org/bot8350475473:AAFKPXj8WZXyV61oZEOh5tj18U13NywM9Xg/getUpdates "HTTP/1.1 200 OK"
2025-10-04 04:14:53,732 - httpx - INFO - HTTP Request: POST https://api.telegram.org/bot8350475473:AAFKPXj8WZXyV61oZEOh5tj18U13NywM9Xg/getUpdates "HTTP/1.1 200 OK"
2025-10-04 04:15:03,880 - httpx - INFO - HTTP Request: POST https://api.telegram.org/bot8350475473:AAFKPXj8WZXyV61oZEOh5tj18U13NywM9Xg/getUpdates "HTTP/1.1 200 OK"
2025-10-04 04:15:13,999 - httpx - INFO - HTTP Request: POST https://api.telegram.org/bot8350475473:AAFKPXj8WZXyV61oZEOh5tj18U13NywM9Xg/getUpdates "HTTP/1.1 200 OK"
2025-10-04 04:15:24,118 - httpx - INFO - HTTP Request: POST https://api.telegram.org/bot8350475473:AAFKPXj8WZXyV61oZEOh5tj18U13NywM9Xg/getUpdates "HTTP/1.1 200 OK"
2025-10-04 04:15:34,238 - httpx - INFO - HTTP Request: POST https://api.telegram.org/bot8350475473:AAFKPXj8WZXyV61oZEOh5tj18U13NywM9Xg/getUpdates "HTTP/1.1 200 OK"
2025-10-04 04:15:44,358 - httpx - INFO - HTTP Request: POST https://api.telegram.org/bot8350475473:AAFKPXj8WZXyV61oZEOh5tj18U13NywM9Xg/getUpdates "HTTP/1.1 200 OK"
2025-10-04 04:15:54,477 - httpx - INFO - HTTP Request: POST https://api.telegram.org/bot8350475473:AAFKPXj8WZXyV61oZEOh5tj18U13NywM9Xg/getUpdates "HTTP/1.1 200 OK"
2025-10-04 04:16:04,598 - httpx - INFO - HTTP Request: POST https://api.telegram.org/bot8350475473:AAFKPXj8WZXyV61oZEOh5tj18U13NywM9Xg/getUpdates "HTTP/1.1 200 OK"
2025-10-04 04:16:14,718 - httpx - INFO - HTTP Request: POST https://api.telegram.org/bot8350475473:AAFKPXj8WZXyV61oZEOh5tj18U13NywM9Xg/getUpdates "HTTP/1.1 200 OK"
2025-10-04 04:16:24,838 - httpx - INFO - HTTP Request: POST https://api.telegram.org/bot8350475473:AAFKPXj8WZXyV61oZEOh5tj18U13NywM9Xg/getUpdates "HTTP/1.1 200 OK"
2025-10-04 04:16:34,959 - httpx - INFO - HTTP Request: POST https://api.telegram.org/bot8350475473:AAFKPXj8WZXyV61oZEOh5tj18U13NywM9Xg/getUpdates "HTTP/1.1 200 OK"
2025-10-04 04:16:45,079 - httpx - INFO - HTTP Request: POST https://api.telegram.org/bot8350475473:AAFKPXj8WZXyV61oZEOh5tj18U13NywM9Xg/getUpdates "HTTP/1.1 200 OK"
2025-10-04 04:16:55,200 - httpx - INFO - HTTP Request: POST https://api.telegram.org/bot8350475473:AAFKPXj8WZXyV61oZEOh5tj18U13NywM9Xg/getUpdates "HTTP/1.1 200 OK"
2025-10-04 04:17:05,320 - httpx - INFO - HTTP Request: POST https://api.telegram.org/bot8350475473:AAFKPXj8WZXyV61oZEOh5tj18U13NywM9Xg/getUpdates "HTTP/1.1 200 OK"
2025-10-04 04:17:15,443 - httpx - INFO - HTTP Request: POST https://api.telegram.org/bot8350475473:AAFKPXj8WZXyV61oZEOh5tj18U13NywM9Xg/getUpdates "HTTP/1.1 200 OK"
2025-10-04 04:17:25,563 - httpx - INFO - HTTP Request: POST https://api.telegram.org/bot8350475473:AAFKPXj8WZXyV61oZEOh5tj18U13NywM9Xg/getUpdates "HTTP/1.1 200 OK"
2025-10-04 04:17:35,684 - httpx - INFO - HTTP Request: POST https://api.telegram.org/bot8350475473:AAFKPXj8WZXyV61oZEOh5tj18U13NywM9Xg/getUpdates "HTTP/1.1 200 OK"
2025-10-04 04:17:45,803 - httpx - INFO - HTTP Request: POST https://api.telegram.org/bot8350475473:AAFKPXj8WZXyV61oZEOh5tj18U13NywM9Xg/getUpdates "HTTP/1.1 200 OK"
2025-10-04 04:17:55,925 - httpx - INFO - HTTP Request: POST https://api.telegram.org/bot8350475473:AAFKPXj8WZXyV61oZEOh5tj18U13NywM9Xg/getUpdates "HTTP/1.1 200 OK"
2025-10-04 04:18:06,046 - httpx - INFO - HTTP Request: POST https://api.telegram.org/bot8350475473:AAFKPXj8WZXyV61oZEOh5tj18U13NywM9Xg/getUpdates "HTTP/1.1 200 OK"
2025-10-04 04:18:16,165 - httpx - INFO - HTTP Request: POST https://api.telegram.org/bot8350475473:AAFKPXj8WZXyV61oZEOh5tj18U13NywM9Xg/getUpdates "HTTP/1.1 200 OK"
2025-10-04 04:18:26,285 - httpx - INFO - HTTP Request: POST https://api.telegram.org/bot8350475473:AAFKPXj8WZXyV61oZEOh5tj18U13NywM9Xg/getUpdates "HTTP/1.1 200 OK"
2025-10-04 04:18:36,406 - httpx - INFO - HTTP Request: POST https://api.telegram.org/bot8350475473:AAFKPXj8WZXyV61oZEOh5tj18U13NywM9Xg/getUpdates "HTTP/1.1 200 OK"
2025-10-04 04:18:46,525 - httpx - INFO - HTTP Request: POST https://api.telegram.org/bot8350475473:AAFKPXj8WZXyV61oZEOh5tj18U13NywM9Xg/getUpdates "HTTP/1.1 200 OK"
2025-10-04 04:18:56,645 - httpx - INFO - HTTP Request: POST https://api.telegram.org/bot8350475473:AAFKPXj8WZXyV61oZEOh5tj18U13NywM9Xg/getUpdates "HTTP/1.1 200 OK"
2025-10-04 04:19:06,766 - httpx - INFO - HTTP Request: POST https://api.telegram.org/bot8350475473:AAFKPXj8WZXyV61oZEOh5tj18U13NywM9Xg/getUpdates "HTTP/1.1 200 OK"
2025-10-04 04:19:16,887 - httpx - INFO - HTTP Request: POST https://api.telegram.org/bot8350475473:AAFKPXj8WZXyV61oZEOh5tj18U13NywM9Xg/getUpdates "HTTP/1.1 200 OK"
2025-10-04 04:19:27,006 - httpx - INFO - HTTP Request: POST https://api.telegram.org/bot8350475473:AAFKPXj8WZXyV61oZEOh5tj18U13NywM9Xg/getUpdates "HTTP/1.1 200 OK"
2025-10-04 04:19:37,126 - httpx - INFO - HTTP Request: POST https://api.telegram.org/bot8350475473:AAFKPXj8WZXyV61oZEOh5tj18U13NywM9Xg/getUpdates "HTTP/1.1 200 OK"
2025-10-04 04:19:47,246 - httpx - INFO - HTTP Request: POST https://api.telegram.org/bot8350475473:AAFKPXj8WZXyV61oZEOh5tj18U13NywM9Xg/getUpdates "HTTP/1.1 200 OK"
2025-10-04 04:19:57,366 - httpx - INFO - HTTP Request: POST https://api.telegram.org/bot8350475473:AAFKPXj8WZXyV61oZEOh5tj18U13NywM9Xg/getUpdates "HTTP/1.1 200 OK"
2025-10-04 04:20:07,486 - httpx - INFO - HTTP Request: POST https://api.telegram.org/bot8350475473:AAFKPXj8WZXyV61oZEOh5tj18U13NywM9Xg/getUpdates "HTTP/1.1 200 OK"
2025-10-04 04:20:17,605 - httpx - INFO - HTTP Request: POST https://api.telegram.org/bot8350475473:AAFKPXj8WZXyV61oZEOh5tj18U13NywM9Xg/getUpdates "HTTP/1.1 200 OK"
2025-10-04 04:20:27,725 - httpx - INFO - HTTP Request: POST https://api.telegram.org/bot8350475473:AAFKPXj8WZXyV61oZEOh5tj18U13NywM9Xg/getUpdates "HTTP/1.1 200 OK"
2025-10-04 04:20:37,847 - httpx - INFO - HTTP Request: POST https://api.telegram.org/bot8350475473:AAFKPXj8WZXyV61oZEOh5tj18U13NywM9Xg/getUpdates "HTTP/1.1 200 OK"
2025-10-04 04:20:47,966 - httpx - INFO - HTTP Request: POST https://api.telegram.org/bot8350475473:AAFKPXj8WZXyV61oZEOh5tj18U13NywM9Xg/getUpdates "HTTP/1.1 200 OK"
2025-10-04 04:20:58,086 - httpx - INFO - HTTP Request: POST https://api.telegram.org/bot8350475473:AAFKPXj8WZXyV61oZEOh5tj18U13NywM9Xg/getUpdates "HTTP/1.1 200 OK"
2025-10-04 04:21:08,207 - httpx - INFO - HTTP Request: POST https://api.telegram.org/bot8350475473:AAFKPXj8WZXyV61oZEOh5tj18U13NywM9Xg/getUpdates "HTTP/1.1 200 OK"
2025-10-04 04:21:18,326 - httpx - INFO - HTTP Request: POST https://api.telegram.org/bot8350475473:AAFKPXj8WZXyV61oZEOh5tj18U13NywM9Xg/getUpdates "HTTP/1.1 200 OK"
2025-10-04 04:21:28,444 - httpx - INFO - HTTP Request: POST https://api.telegram.org/bot8350475473:AAFKPXj8WZXyV61oZEOh5tj18U13NywM9Xg/getUpdates "HTTP/1.1 200 OK"
2025-10-04 04:21:38,562 - httpx - INFO - HTTP Request: POST https://api.telegram.org/bot8350475473:AAFKPXj8WZXyV61oZEOh5tj18U13NywM9Xg/getUpdates "HTTP/1.1 200 OK"
2025-10-04 04:21:48,681 - httpx - INFO - HTTP Request: POST https://api.telegram.org/bot8350475473:AAFKPXj8WZXyV61oZEOh5tj18U13NywM9Xg/getUpdates "HTTP/1.1 200 OK"
2025-10-04 04:21:58,800 - httpx - INFO - HTTP Request: POST https://api.telegram.org/bot8350475473:AAFKPXj8WZXyV61oZEOh5tj18U13NywM9Xg/getUpdates "HTTP/1.1 200 OK"
2025-10-04 04:22:08,918 - httpx - INFO - HTTP Request: POST https://api.telegram.org/bot8350475473:AAFKPXj8WZXyV61oZEOh5tj18U13NywM9Xg/getUpdates "HTTP/1.1 200 OK"
2025-10-04 04:22:19,037 - httpx - INFO - HTTP Request: POST https://api.telegram.org/bot8350475473:AAFKPXj8WZXyV61oZEOh5tj18U13NywM9Xg/getUpdates "HTTP/1.1 200 OK"
2025-10-04 04:22:29,156 - httpx - INFO - HTTP Request: POST https://api.telegram.org/bot8350475473:AAFKPXj8WZXyV61oZEOh5tj18U13NywM9Xg/getUpdates "HTTP/1.1 200 OK"
2025-10-04 04:22:39,275 - httpx - INFO - HTTP Request: POST https://api.telegram.org/bot8350475473:AAFKPXj8WZXyV61oZEOh5tj18U13NywM9Xg/getUpdates "HTTP/1.1 200 OK"
2025-10-04 04:22:49,393 - httpx - INFO - HTTP Request: POST https://api.telegram.org/bot8350475473:AAFKPXj8WZXyV61oZEOh5tj18U13NywM9Xg/getUpdates "HTTP/1.1 200 OK"
2025-10-04 04:22:59,512 - httpx - INFO - HTTP Request: POST https://api.telegram.org/bot8350475473:AAFKPXj8WZXyV61oZEOh5tj18U13NywM9Xg/getUpdates "HTTP/1.1 200 OK"
2025-10-04 04:23:09,630 - httpx - INFO - HTTP Request: POST https://api.telegram.org/bot8350475473:AAFKPXj8WZXyV61oZEOh5tj18U13NywM9Xg/getUpdates "HTTP/1.1 200 OK"
2025-10-04 04:23:19,749 - httpx - INFO - HTTP Request: POST https://api.telegram.org/bot8350475473:AAFKPXj8WZXyV61oZEOh5tj18U13NywM9Xg/getUpdates "HTTP/1.1 200 OK"
2025-10-04 04:23:29,869 - httpx - INFO - HTTP Request: POST https://api.telegram.org/bot8350475473:AAFKPXj8WZXyV61oZEOh5tj18U13NywM9Xg/getUpdates "HTTP/1.1 200 OK"
2025-10-04 04:23:39,989 - httpx - INFO - HTTP Request: POST https://api.telegram.org/bot8350475473:AAFKPXj8WZXyV61oZEOh5tj18U13NywM9Xg/getUpdates "HTTP/1.1 200 OK"
2025-10-04 04:23:50,108 - httpx - INFO - HTTP Request: POST https://api.telegram.org/bot8350475473:AAFKPXj8WZXyV61oZEOh5tj18U13NywM9Xg/getUpdates "HTTP/1.1 200 OK"
2025-10-04 04:24:00,230 - httpx - INFO - HTTP Request: POST https://api.telegram.org/bot8350475473:AAFKPXj8WZXyV61oZEOh5tj18U13NywM9Xg/getUpdates "HTTP/1.1 200 OK"
2025-10-04 04:24:10,359 - httpx - INFO - HTTP Request: POST https://api.telegram.org/bot8350475473:AAFKPXj8WZXyV61oZEOh5tj18U13NywM9Xg/getUpdates "HTTP/1.1 200 OK"
2025-10-04 04:24:20,478 - httpx - INFO - HTTP Request: POST https://api.telegram.org/bot8350475473:AAFKPXj8WZXyV61oZEOh5tj18U13NywM9Xg/getUpdates "HTTP/1.1 200 OK"
2025-10-04 04:24:30,598 - httpx - INFO - HTTP Request: POST https://api.telegram.org/bot8350475473:AAFKPXj8WZXyV61oZEOh5tj18U13NywM9Xg/getUpdates "HTTP/1.1 200 OK"
2025-10-04 04:24:40,719 - httpx - INFO - HTTP Request: POST https://api.telegram.org/bot8350475473:AAFKPXj8WZXyV61oZEOh5tj18U13NywM9Xg/getUpdates "HTTP/1.1 200 OK"
2025-10-04 04:24:50,838 - httpx - INFO - HTTP Request: POST https://api.telegram.org/bot8350475473:AAFKPXj8WZXyV61oZEOh5tj18U13NywM9Xg/getUpdates "HTTP/1.1 200 OK"
2025-10-04 04:25:00,957 - httpx - INFO - HTTP Request: POST https://api.telegram.org/bot8350475473:AAFKPXj8WZXyV61oZEOh5tj18U13NywM9Xg/getUpdates "HTTP/1.1 200 OK"
2025-10-04 04:25:11,076 - httpx - INFO - HTTP Request: POST https://api.telegram.org/bot8350475473:AAFKPXj8WZXyV61oZEOh5tj18U13NywM9Xg/getUpdates "HTTP/1.1 200 OK"
2025-10-04 04:25:21,194 - httpx - INFO - HTTP Request: POST https://api.telegram.org/bot8350475473:AAFKPXj8WZXyV61oZEOh5tj18U13NywM9Xg/getUpdates "HTTP/1.1 200 OK"
2025-10-04 04:25:31,314 - httpx - INFO - HTTP Request: POST https://api.telegram.org/bot8350475473:AAFKPXj8WZXyV61oZEOh5tj18U13NywM9Xg/getUpdates "HTTP/1.1 200 OK"
2025-10-04 04:25:41,434 - httpx - INFO - HTTP Request: POST https://api.telegram.org/bot8350475473:AAFKPXj8WZXyV61oZEOh5tj18U13NywM9Xg/getUpdates "HTTP/1.1 200 OK"
2025-10-04 04:25:51,553 - httpx - INFO - HTTP Request: POST https://api.telegram.org/bot8350475473:AAFKPXj8WZXyV61oZEOh5tj18U13NywM9Xg/getUpdates "HTTP/1.1 200 OK"
2025-10-04 04:26:01,673 - httpx - INFO - HTTP Request: POST https://api.telegram.org/bot8350475473:AAFKPXj8WZXyV61oZEOh5tj18U13NywM9Xg/getUpdates "HTTP/1.1 200 OK"
2025-10-04 04:26:11,791 - httpx - INFO - HTTP Request: POST https://api.telegram.org/bot8350475473:AAFKPXj8WZXyV61oZEOh5tj18U13NywM9Xg/getUpdates "HTTP/1.1 200 OK"
2025-10-04 04:26:21,911 - httpx - INFO - HTTP Request: POST https://api.telegram.org/bot8350475473:AAFKPXj8WZXyV61oZEOh5tj18U13NywM9Xg/getUpdates "HTTP/1.1 200 OK"
2025-10-04 04:26:32,031 - httpx - INFO - HTTP Request: POST https://api.telegram.org/bot8350475473:AAFKPXj8WZXyV61oZEOh5tj18U13NywM9Xg/getUpdates "HTTP/1.1 200 OK"
2025-10-04 04:26:42,149 - httpx - INFO - HTTP Request: POST https://api.telegram.org/bot8350475473:AAFKPXj8WZXyV61oZEOh5tj18U13NywM9Xg/getUpdates "HTTP/1.1 200 OK"
2025-10-04 04:26:52,274 - httpx - INFO - HTTP Request: POST https://api.telegram.org/bot8350475473:AAFKPXj8WZXyV61oZEOh5tj18U13NywM9Xg/getUpdates "HTTP/1.1 200 OK"
2025-10-04 04:27:02,393 - httpx - INFO - HTTP Request: POST https://api.telegram.org/bot8350475473:AAFKPXj8WZXyV61oZEOh5tj18U13NywM9Xg/getUpdates "HTTP/1.1 200 OK"
2025-10-04 04:27:12,518 - httpx - INFO - HTTP Request: POST https://api.telegram.org/bot8350475473:AAFKPXj8WZXyV61oZEOh5tj18U13NywM9Xg/getUpdates "HTTP/1.1 200 OK"
2025-10-04 04:27:22,639 - httpx - INFO - HTTP Request: POST https://api.telegram.org/bot8350475473:AAFKPXj8WZXyV61oZEOh5tj18U13NywM9Xg/getUpdates "HTTP/1.1 200 OK"
2025-10-04 04:27:32,757 - httpx - INFO - HTTP Request: POST https://api.telegram.org/bot8350475473:AAFKPXj8WZXyV61oZEOh5tj18U13NywM9Xg/getUpdates "HTTP/1.1 200 OK"
2025-10-04 04:27:42,876 - httpx - INFO - HTTP Request: POST https://api.telegram.org/bot8350475473:AAFKPXj8WZXyV61oZEOh5tj18U13NywM9Xg/getUpdates "HTTP/1.1 200 OK"
2025-10-04 04:27:52,994 - httpx - INFO - HTTP Request: POST https://api.telegram.org/bot8350475473:AAFKPXj8WZXyV61oZEOh5tj18U13NywM9Xg/getUpdates "HTTP/1.1 200 OK"
2025-10-04 04:28:03,113 - httpx - INFO - HTTP Request: POST https://api.telegram.org/bot8350475473:AAFKPXj8WZXyV61oZEOh5tj18U13NywM9Xg/getUpdates "HTTP/1.1 200 OK"
2025-10-04 04:28:13,232 - httpx - INFO - HTTP Request: POST https://api.telegram.org/bot8350475473:AAFKPXj8WZXyV61oZEOh5tj18U13NywM9Xg/getUpdates "HTTP/1.1 200 OK"
2025-10-04 04:28:23,354 - httpx - INFO - HTTP Request: POST https://api.telegram.org/bot8350475473:AAFKPXj8WZXyV61oZEOh5tj18U13NywM9Xg/getUpdates "HTTP/1.1 200 OK"
2025-10-04 04:28:33,477 - httpx - INFO - HTTP Request: POST https://api.telegram.org/bot8350475473:AAFKPXj8WZXyV61oZEOh5tj18U13NywM9Xg/getUpdates "HTTP/1.1 200 OK"
2025-10-04 04:28:43,597 - httpx - INFO - HTTP Request: POST https://api.telegram.org/bot8350475473:AAFKPXj8WZXyV61oZEOh5tj18U13NywM9Xg/getUpdates "HTTP/1.1 200 OK"
2025-10-04 04:28:53,717 - httpx - INFO - HTTP Request: POST https://api.telegram.org/bot8350475473:AAFKPXj8WZXyV61oZEOh5tj18U13NywM9Xg/getUpdates "HTTP/1.1 200 OK"
2025-10-04 04:29:03,836 - httpx - INFO - HTTP Request: POST https://api.telegram.org/bot8350475473:AAFKPXj8WZXyV61oZEOh5tj18U13NywM9Xg/getUpdates "HTTP/1.1 200 OK"
2025-10-04 04:29:13,954 - httpx - INFO - HTTP Request: POST https://api.telegram.org/bot8350475473:AAFKPXj8WZXyV61oZEOh5tj18U13NywM9Xg/getUpdates "HTTP/1.1 200 OK"
2025-10-04 04:29:24,085 - httpx - INFO - HTTP Request: POST https://api.telegram.org/bot8350475473:AAFKPXj8WZXyV61oZEOh5tj18U13NywM9Xg/getUpdates "HTTP/1.1 200 OK"
2025-10-04 04:29:34,204 - httpx - INFO - HTTP Request: POST https://api.telegram.org/bot8350475473:AAFKPXj8WZXyV61oZEOh5tj18U13NywM9Xg/getUpdates "HTTP/1.1 200 OK"
2025-10-04 04:29:44,323 - httpx - INFO - HTTP Request: POST https://api.telegram.org/bot8350475473:AAFKPXj8WZXyV61oZEOh5tj18U13NywM9Xg/getUpdates "HTTP/1.1 200 OK"
2025-10-04 04:29:54,441 - httpx - INFO - HTTP Request: POST https://api.telegram.org/bot8350475473:AAFKPXj8WZXyV61oZEOh5tj18U13NywM9Xg/getUpdates "HTTP/1.1 200 OK"
2025-10-04 04:30:04,561 - httpx - INFO - HTTP Request: POST https://api.telegram.org/bot8350475473:AAFKPXj8WZXyV61oZEOh5tj18U13NywM9Xg/getUpdates "HTTP/1.1 200 OK"
2025-10-04 04:30:14,681 - httpx - INFO - HTTP Request: POST https://api.telegram.org/bot8350475473:AAFKPXj8WZXyV61oZEOh5tj18U13NywM9Xg/getUpdates "HTTP/1.1 200 OK"
2025-10-04 04:30:25,041 - httpx - INFO - HTTP Request: POST https://api.telegram.org/bot8350475473:AAFKPXj8WZXyV61oZEOh5tj18U13NywM9Xg/getUpdates "HTTP/1.1 200 OK"
2025-10-04 04:30:35,160 - httpx - INFO - HTTP Request: POST https://api.telegram.org/bot8350475473:AAFKPXj8WZXyV61oZEOh5tj18U13NywM9Xg/getUpdates "HTTP/1.1 200 OK"
2025-10-04 04:30:45,280 - httpx - INFO - HTTP Request: POST https://api.telegram.org/bot8350475473:AAFKPXj8WZXyV61oZEOh5tj18U13NywM9Xg/getUpdates "HTTP/1.1 200 OK"
2025-10-04 04:30:55,401 - httpx - INFO - HTTP Request: POST https://api.telegram.org/bot8350475473:AAFKPXj8WZXyV61oZEOh5tj18U13NywM9Xg/getUpdates "HTTP/1.1 200 OK"
2025-10-04 04:31:05,520 - httpx - INFO - HTTP Request: POST https://api.telegram.org/bot8350475473:AAFKPXj8WZXyV61oZEOh5tj18U13NywM9Xg/getUpdates "HTTP/1.1 200 OK"
2025-10-04 04:31:15,639 - httpx - INFO - HTTP Request: POST https://api.telegram.org/bot8350475473:AAFKPXj8WZXyV61oZEOh5tj18U13NywM9Xg/getUpdates "HTTP/1.1 200 OK"
2025-10-04 04:31:25,761 - httpx - INFO - HTTP Request: POST https://api.telegram.org/bot8350475473:AAFKPXj8WZXyV61oZEOh5tj18U13NywM9Xg/getUpdates "HTTP/1.1 200 OK"
2025-10-04 04:31:35,909 - httpx - INFO - HTTP Request: POST https://api.telegram.org/bot8350475473:AAFKPXj8WZXyV61oZEOh5tj18U13NywM9Xg/getUpdates "HTTP/1.1 200 OK"
2025-10-04 04:31:46,028 - httpx - INFO - HTTP Request: POST https://api.telegram.org/bot8350475473:AAFKPXj8WZXyV61oZEOh5tj18U13NywM9Xg/getUpdates "HTTP/1.1 200 OK"
2025-10-04 04:31:56,147 - httpx - INFO - HTTP Request: POST https://api.telegram.org/bot8350475473:AAFKPXj8WZXyV61oZEOh5tj18U13NywM9Xg/getUpdates "HTTP/1.1 200 OK"
2025-10-04 04:32:06,266 - httpx - INFO - HTTP Request: POST https://api.telegram.org/bot8350475473:AAFKPXj8WZXyV61oZEOh5tj18U13NywM9Xg/getUpdates "HTTP/1.1 200 OK"
2025-10-04 04:32:16,387 - httpx - INFO - HTTP Request: POST https://api.telegram.org/bot8350475473:AAFKPXj8WZXyV61oZEOh5tj18U13NywM9Xg/getUpdates "HTTP/1.1 200 OK"
2025-10-04 04:32:26,508 - httpx - INFO - HTTP Request: POST https://api.telegram.org/bot8350475473:AAFKPXj8WZXyV61oZEOh5tj18U13NywM9Xg/getUpdates "HTTP/1.1 200 OK"
2025-10-04 04:32:36,628 - httpx - INFO - HTTP Request: POST https://api.telegram.org/bot8350475473:AAFKPXj8WZXyV61oZEOh5tj18U13NywM9Xg/getUpdates "HTTP/1.1 200 OK"
2025-10-04 04:32:46,749 - httpx - INFO - HTTP Request: POST https://api.telegram.org/bot8350475473:AAFKPXj8WZXyV61oZEOh5tj18U13NywM9Xg/getUpdates "HTTP/1.1 200 OK"
2025-10-04 04:32:56,869 - httpx - INFO - HTTP Request: POST https://api.telegram.org/bot8350475473:AAFKPXj8WZXyV61oZEOh5tj18U13NywM9Xg/getUpdates "HTTP/1.1 200 OK"
2025-10-04 04:33:06,991 - httpx - INFO - HTTP Request: POST https://api.telegram.org/bot8350475473:AAFKPXj8WZXyV61oZEOh5tj18U13NywM9Xg/getUpdates "HTTP/1.1 200 OK"
2025-10-04 04:33:17,110 - httpx - INFO - HTTP Request: POST https://api.telegram.org/bot8350475473:AAFKPXj8WZXyV61oZEOh5tj18U13NywM9Xg/getUpdates "HTTP/1.1 200 OK"
2025-10-04 04:33:27,228 - httpx - INFO - HTTP Request: POST https://api.telegram.org/bot8350475473:AAFKPXj8WZXyV61oZEOh5tj18U13NywM9Xg/getUpdates "HTTP/1.1 200 OK"
2025-10-04 04:33:37,349 - httpx - INFO - HTTP Request: POST https://api.telegram.org/bot8350475473:AAFKPXj8WZXyV61oZEOh5tj18U13NywM9Xg/getUpdates "HTTP/1.1 200 OK"
2025-10-04 04:33:47,470 - httpx - INFO - HTTP Request: POST https://api.telegram.org/bot8350475473:AAFKPXj8WZXyV61oZEOh5tj18U13NywM9Xg/getUpdates "HTTP/1.1 200 OK"
2025-10-04 04:33:57,590 - httpx - INFO - HTTP Request: POST https://api.telegram.org/bot8350475473:AAFKPXj8WZXyV61oZEOh5tj18U13NywM9Xg/getUpdates "HTTP/1.1 200 OK"
2025-10-04 04:34:07,709 - httpx - INFO - HTTP Request: POST https://api.telegram.org/bot8350475473:AAFKPXj8WZXyV61oZEOh5tj18U13NywM9Xg/getUpdates "HTTP/1.1 200 OK"
2025-10-04 04:34:17,830 - httpx - INFO - HTTP Request: POST https://api.telegram.org/bot8350475473:AAFKPXj8WZXyV61oZEOh5tj18U13NywM9Xg/getUpdates "HTTP/1.1 200 OK"
2025-10-04 04:34:27,949 - httpx - INFO - HTTP Request: POST https://api.telegram.org/bot8350475473:AAFKPXj8WZXyV61oZEOh5tj18U13NywM9Xg/getUpdates "HTTP/1.1 200 OK"
2025-10-04 04:34:38,072 - httpx - INFO - HTTP Request: POST https://api.telegram.org/bot8350475473:AAFKPXj8WZXyV61oZEOh5tj18U13NywM9Xg/getUpdates "HTTP/1.1 200 OK"
2025-10-04 04:34:48,191 - httpx - INFO - HTTP Request: POST https://api.telegram.org/bot8350475473:AAFKPXj8WZXyV61oZEOh5tj18U13NywM9Xg/getUpdates "HTTP/1.1 200 OK"
2025-10-04 04:34:58,310 - httpx - INFO - HTTP Request: POST https://api.telegram.org/bot8350475473:AAFKPXj8WZXyV61oZEOh5tj18U13NywM9Xg/getUpdates "HTTP/1.1 200 OK"
2025-10-04 04:35:08,431 - httpx - INFO - HTTP Request: POST https://api.telegram.org/bot8350475473:AAFKPXj8WZXyV61oZEOh5tj18U13NywM9Xg/getUpdates "HTTP/1.1 200 OK"
2025-10-04 04:35:18,558 - httpx - INFO - HTTP Request: POST https://api.telegram.org/bot8350475473:AAFKPXj8WZXyV61oZEOh5tj18U13NywM9Xg/getUpdates "HTTP/1.1 200 OK"
2025-10-04 04:35:28,679 - httpx - INFO - HTTP Request: POST https://api.telegram.org/bot8350475473:AAFKPXj8WZXyV61oZEOh5tj18U13NywM9Xg/getUpdates "HTTP/1.1 200 OK"
2025-10-04 04:35:38,797 - httpx - INFO - HTTP Request: POST https://api.telegram.org/bot8350475473:AAFKPXj8WZXyV61oZEOh5tj18U13NywM9Xg/getUpdates "HTTP/1.1 200 OK"
2025-10-04 04:35:48,920 - httpx - INFO - HTTP Request: POST https://api.telegram.org/bot8350475473:AAFKPXj8WZXyV61oZEOh5tj18U13NywM9Xg/getUpdates "HTTP/1.1 200 OK"
2025-10-04 04:35:59,040 - httpx - INFO - HTTP Request: POST https://api.telegram.org/bot8350475473:AAFKPXj8WZXyV61oZEOh5tj18U13NywM9Xg/getUpdates "HTTP/1.1 200 OK"
2025-10-04 04:36:09,158 - httpx - INFO - HTTP Request: POST https://api.telegram.org/bot8350475473:AAFKPXj8WZXyV61oZEOh5tj18U13NywM9Xg/getUpdates "HTTP/1.1 200 OK"
2025-10-04 04:36:19,278 - httpx - INFO - HTTP Request: POST https://api.telegram.org/bot8350475473:AAFKPXj8WZXyV61oZEOh5tj18U13NywM9Xg/getUpdates "HTTP/1.1 200 OK"
2025-10-04 04:36:29,397 - httpx - INFO - HTTP Request: POST https://api.telegram.org/bot8350475473:AAFKPXj8WZXyV61oZEOh5tj18U13NywM9Xg/getUpdates "HTTP/1.1 200 OK"
2025-10-04 04:36:39,515 - httpx - INFO - HTTP Request: POST https://api.telegram.org/bot8350475473:AAFKPXj8WZXyV61oZEOh5tj18U13NywM9Xg/getUpdates "HTTP/1.1 200 OK"
2025-10-04 04:36:49,637 - httpx - INFO - HTTP Request: POST https://api.telegram.org/bot8350475473:AAFKPXj8WZXyV61oZEOh5tj18U13NywM9Xg/getUpdates "HTTP/1.1 200 OK"
2025-10-04 04:36:59,756 - httpx - INFO - HTTP Request: POST https://api.telegram.org/bot8350475473:AAFKPXj8WZXyV61oZEOh5tj18U13NywM9Xg/getUpdates "HTTP/1.1 200 OK"
2025-10-04 04:37:09,880 - httpx - INFO - HTTP Request: POST https://api.telegram.org/bot8350475473:AAFKPXj8WZXyV61oZEOh5tj18U13NywM9Xg/getUpdates "HTTP/1.1 200 OK"
2025-10-04 04:37:19,998 - httpx - INFO - HTTP Request: POST https://api.telegram.org/bot8350475473:AAFKPXj8WZXyV61oZEOh5tj18U13NywM9Xg/getUpdates "HTTP/1.1 200 OK"
2025-10-04 04:37:30,118 - httpx - INFO - HTTP Request: POST https://api.telegram.org/bot8350475473:AAFKPXj8WZXyV61oZEOh5tj18U13NywM9Xg/getUpdates "HTTP/1.1 200 OK"
2025-10-04 04:37:40,237 - httpx - INFO - HTTP Request: POST https://api.telegram.org/bot8350475473:AAFKPXj8WZXyV61oZEOh5tj18U13NywM9Xg/getUpdates "HTTP/1.1 200 OK"
2025-10-04 04:37:50,355 - httpx - INFO - HTTP Request: POST https://api.telegram.org/bot8350475473:AAFKPXj8WZXyV61oZEOh5tj18U13NywM9Xg/getUpdates "HTTP/1.1 200 OK"
2025-10-04 04:38:00,475 - httpx - INFO - HTTP Request: POST https://api.telegram.org/bot8350475473:AAFKPXj8WZXyV61oZEOh5tj18U13NywM9Xg/getUpdates "HTTP/1.1 200 OK"
2025-10-04 04:38:10,597 - httpx - INFO - HTTP Request: POST https://api.telegram.org/bot8350475473:AAFKPXj8WZXyV61oZEOh5tj18U13NywM9Xg/getUpdates "HTTP/1.1 200 OK"
2025-10-04 04:38:20,719 - httpx - INFO - HTTP Request: POST https://api.telegram.org/bot8350475473:AAFKPXj8WZXyV61oZEOh5tj18U13NywM9Xg/getUpdates "HTTP/1.1 200 OK"
2025-10-04 04:38:30,841 - httpx - INFO - HTTP Request: POST https://api.telegram.org/bot8350475473:AAFKPXj8WZXyV61oZEOh5tj18U13NywM9Xg/getUpdates "HTTP/1.1 200 OK"
2025-10-04 04:38:40,962 - httpx - INFO - HTTP Request: POST https://api.telegram.org/bot8350475473:AAFKPXj8WZXyV61oZEOh5tj18U13NywM9Xg/getUpdates "HTTP/1.1 200 OK"
2025-10-04 04:38:51,080 - httpx - INFO - HTTP Request: POST https://api.telegram.org/bot8350475473:AAFKPXj8WZXyV61oZEOh5tj18U13NywM9Xg/getUpdates "HTTP/1.1 200 OK"
2025-10-04 04:39:01,199 - httpx - INFO - HTTP Request: POST https://api.telegram.org/bot8350475473:AAFKPXj8WZXyV61oZEOh5tj18U13NywM9Xg/getUpdates "HTTP/1.1 200 OK"
2025-10-04 04:39:11,319 - httpx - INFO - HTTP Request: POST https://api.telegram.org/bot8350475473:AAFKPXj8WZXyV61oZEOh5tj18U13NywM9Xg/getUpdates "HTTP/1.1 200 OK"
2025-10-04 05:24:50,969 - httpx - INFO - HTTP Request: POST https://api.telegram.org/bot8350475473:AAFKPXj8WZXyV61oZEOh5tj18U13NywM9Xg/getUpdates "HTTP/1.1 200 OK"
2025-10-04 05:24:52,476 - httpx - INFO - HTTP Request: POST https://api.telegram.org/bot8350475473:AAFKPXj8WZXyV61oZEOh5tj18U13NywM9Xg/sendMessage "HTTP/1.1 200 OK"
2025-10-04 05:25:02,352 - httpx - INFO - HTTP Request: POST https://api.telegram.org/bot8350475473:AAFKPXj8WZXyV61oZEOh5tj18U13NywM9Xg/getUpdates "HTTP/1.1 200 OK"
2025-10-04 05:25:12,473 - httpx - INFO - HTTP Request: POST https://api.telegram.org/bot8350475473:AAFKPXj8WZXyV61oZEOh5tj18U13NywM9Xg/getUpdates "HTTP/1.1 200 OK"
2025-10-04 05:25:22,593 - httpx - INFO - HTTP Request: POST https://api.telegram.org/bot8350475473:AAFKPXj8WZXyV61oZEOh5tj18U13NywM9Xg/getUpdates "HTTP/1.1 200 OK"
2025-10-04 05:25:32,716 - httpx - INFO - HTTP Request: POST https://api.telegram.org/bot8350475473:AAFKPXj8WZXyV61oZEOh5tj18U13NywM9Xg/getUpdates "HTTP/1.1 200 OK"
2025-10-04 05:25:42,840 - httpx - INFO - HTTP Request: POST https://api.telegram.org/bot8350475473:AAFKPXj8WZXyV61oZEOh5tj18U13NywM9Xg/getUpdates "HTTP/1.1 200 OK"
2025-10-04 05:25:52,963 - httpx - INFO - HTTP Request: POST https://api.telegram.org/bot8350475473:AAFKPXj8WZXyV61oZEOh5tj18U13NywM9Xg/getUpdates "HTTP/1.1 200 OK"
2025-10-04 05:26:03,088 - httpx - INFO - HTTP Request: POST https://api.telegram.org/bot8350475473:AAFKPXj8WZXyV61oZEOh5tj18U13NywM9Xg/getUpdates "HTTP/1.1 200 OK"
2025-10-04 05:26:13,209 - httpx - INFO - HTTP Request: POST https://api.telegram.org/bot8350475473:AAFKPXj8WZXyV61oZEOh5tj18U13NywM9Xg/getUpdates "HTTP/1.1 200 OK"
2025-10-04 05:26:23,333 - httpx - INFO - HTTP Request: POST https://api.telegram.org/bot8350475473:AAFKPXj8WZXyV61oZEOh5tj18U13NywM9Xg/getUpdates "HTTP/1.1 200 OK"
2025-10-04 05:26:33,455 - httpx - INFO - HTTP Request: POST https://api.telegram.org/bot8350475473:AAFKPXj8WZXyV61oZEOh5tj18U13NywM9Xg/getUpdates "HTTP/1.1 200 OK"
2025-10-04 05:26:43,593 - httpx - INFO - HTTP Request: POST https://api.telegram.org/bot8350475473:AAFKPXj8WZXyV61oZEOh5tj18U13NywM9Xg/getUpdates "HTTP/1.1 200 OK"
2025-10-04 05:26:53,716 - httpx - INFO - HTTP Request: POST https://api.telegram.org/bot8350475473:AAFKPXj8WZXyV61oZEOh5tj18U13NywM9Xg/getUpdates "HTTP/1.1 200 OK"
2025-10-04 05:27:03,836 - httpx - INFO - HTTP Request: POST https://api.telegram.org/bot8350475473:AAFKPXj8WZXyV61oZEOh5tj18U13NywM9Xg/getUpdates "HTTP/1.1 200 OK"
2025-10-04 05:27:13,958 - httpx - INFO - HTTP Request: POST https://api.telegram.org/bot8350475473:AAFKPXj8WZXyV61oZEOh5tj18U13NywM9Xg/getUpdates "HTTP/1.1 200 OK"
2025-10-04 05:27:24,081 - httpx - INFO - HTTP Request: POST https://api.telegram.org/bot8350475473:AAFKPXj8WZXyV61oZEOh5tj18U13NywM9Xg/getUpdates "HTTP/1.1 200 OK"
2025-10-04 05:27:31,022 - httpx - INFO - HTTP Request: POST https://api.telegram.org/bot8350475473:AAFKPXj8WZXyV61oZEOh5tj18U13NywM9Xg/getUpdates "HTTP/1.1 200 OK"
2025-10-04 05:27:31,652 - httpx - INFO - HTTP Request: POST https://api.telegram.org/bot8350475473:AAFKPXj8WZXyV61oZEOh5tj18U13NywM9Xg/sendMessage "HTTP/1.1 200 OK"
2025-10-04 05:27:41,399 - httpx - INFO - HTTP Request: POST https://api.telegram.org/bot8350475473:AAFKPXj8WZXyV61oZEOh5tj18U13NywM9Xg/getUpdates "HTTP/1.1 200 OK"
2025-10-04 05:27:51,519 - httpx - INFO - HTTP Request: POST https://api.telegram.org/bot8350475473:AAFKPXj8WZXyV61oZEOh5tj18U13NywM9Xg/getUpdates "HTTP/1.1 200 OK"
2025-10-04 05:28:01,640 - httpx - INFO - HTTP Request: POST https://api.telegram.org/bot8350475473:AAFKPXj8WZXyV61oZEOh5tj18U13NywM9Xg/getUpdates "HTTP/1.1 200 OK"
2025-10-04 05:28:11,763 - httpx - INFO - HTTP Request: POST https://api.telegram.org/bot8350475473:AAFKPXj8WZXyV61oZEOh5tj18U13NywM9Xg/getUpdates "HTTP/1.1 200 OK"
2025-10-04 05:28:21,883 - httpx - INFO - HTTP Request: POST https://api.telegram.org/bot8350475473:AAFKPXj8WZXyV61oZEOh5tj18U13NywM9Xg/getUpdates "HTTP/1.1 200 OK"
2025-10-04 05:28:32,003 - httpx - INFO - HTTP Request: POST https://api.telegram.org/bot8350475473:AAFKPXj8WZXyV61oZEOh5tj18U13NywM9Xg/getUpdates "HTTP/1.1 200 OK"
2025-10-04 05:28:36,315 - httpx - INFO - HTTP Request: POST https://api.telegram.org/bot8350475473:AAFKPXj8WZXyV61oZEOh5tj18U13NywM9Xg/getUpdates "HTTP/1.1 200 OK"
2025-10-04 05:28:36,972 - httpx - INFO - HTTP Request: POST https://api.telegram.org/bot8350475473:AAFKPXj8WZXyV61oZEOh5tj18U13NywM9Xg/sendMessage "HTTP/1.1 200 OK"
2025-10-04 05:28:46,698 - httpx - INFO - HTTP Request: POST https://api.telegram.org/bot8350475473:AAFKPXj8WZXyV61oZEOh5tj18U13NywM9Xg/getUpdates "HTTP/1.1 200 OK"
2025-10-04 05:28:56,817 - httpx - INFO - HTTP Request: POST https://api.telegram.org/bot8350475473:AAFKPXj8WZXyV61oZEOh5tj18U13NywM9Xg/getUpdates "HTTP/1.1 200 OK"
2025-10-04 05:29:06,939 - httpx - INFO - HTTP Request: POST https://api.telegram.org/bot8350475473:AAFKPXj8WZXyV61oZEOh5tj18U13NywM9Xg/getUpdates "HTTP/1.1 200 OK"
2025-10-04 05:29:17,060 - httpx - INFO - HTTP Request: POST https://api.telegram.org/bot8350475473:AAFKPXj8WZXyV61oZEOh5tj18U13NywM9Xg/getUpdates "HTTP/1.1 200 OK"
2025-10-04 05:29:27,184 - httpx - INFO - HTTP Request: POST https://api.telegram.org/bot8350475473:AAFKPXj8WZXyV61oZEOh5tj18U13NywM9Xg/getUpdates "HTTP/1.1 200 OK"
2025-10-04 05:29:37,308 - httpx - INFO - HTTP Request: POST https://api.telegram.org/bot8350475473:AAFKPXj8WZXyV61oZEOh5tj18U13NywM9Xg/getUpdates "HTTP/1.1 200 OK"
2025-10-04 05:29:47,432 - httpx - INFO - HTTP Request: POST https://api.telegram.org/bot8350475473:AAFKPXj8WZXyV61oZEOh5tj18U13NywM9Xg/getUpdates "HTTP/1.1 200 OK"
2025-10-04 05:29:57,564 - httpx - INFO - HTTP Request: POST https://api.telegram.org/bot8350475473:AAFKPXj8WZXyV61oZEOh5tj18U13NywM9Xg/getUpdates "HTTP/1.1 200 OK"
2025-10-04 05:30:07,688 - httpx - INFO - HTTP Request: POST https://api.telegram.org/bot8350475473:AAFKPXj8WZXyV61oZEOh5tj18U13NywM9Xg/getUpdates "HTTP/1.1 200 OK"
2025-10-04 05:30:17,810 - httpx - INFO - HTTP Request: POST https://api.telegram.org/bot8350475473:AAFKPXj8WZXyV61oZEOh5tj18U13NywM9Xg/getUpdates "HTTP/1.1 200 OK"
2025-10-04 05:30:24,413 - httpx - INFO - HTTP Request: POST https://api.telegram.org/bot8350475473:AAFKPXj8WZXyV61oZEOh5tj18U13NywM9Xg/getUpdates "HTTP/1.1 200 OK"
2025-10-04 05:30:25,048 - httpx - INFO - HTTP Request: POST https://api.telegram.org/bot8350475473:AAFKPXj8WZXyV61oZEOh5tj18U13NywM9Xg/sendMessage "HTTP/1.1 200 OK"
2025-10-04 05:30:34,791 - httpx - INFO - HTTP Request: POST https://api.telegram.org/bot8350475473:AAFKPXj8WZXyV61oZEOh5tj18U13NywM9Xg/getUpdates "HTTP/1.1 200 OK"
2025-10-04 05:30:44,910 - httpx - INFO - HTTP Request: POST https://api.telegram.org/bot8350475473:AAFKPXj8WZXyV61oZEOh5tj18U13NywM9Xg/getUpdates "HTTP/1.1 200 OK"
2025-10-04 05:30:55,029 - httpx - INFO - HTTP Request: POST https://api.telegram.org/bot8350475473:AAFKPXj8WZXyV61oZEOh5tj18U13NywM9Xg/getUpdates "HTTP/1.1 200 OK"
2025-10-04 05:31:05,149 - httpx - INFO - HTTP Request: POST https://api.telegram.org/bot8350475473:AAFKPXj8WZXyV61oZEOh5tj18U13NywM9Xg/getUpdates "HTTP/1.1 200 OK"
2025-10-04 05:31:15,272 - httpx - INFO - HTTP Request: POST https://api.telegram.org/bot8350475473:AAFKPXj8WZXyV61oZEOh5tj18U13NywM9Xg/getUpdates "HTTP/1.1 200 OK"
2025-10-04 05:31:25,392 - httpx - INFO - HTTP Request: POST https://api.telegram.org/bot8350475473:AAFKPXj8WZXyV61oZEOh5tj18U13NywM9Xg/getUpdates "HTTP/1.1 200 OK"
2025-10-04 05:31:35,511 - httpx - INFO - HTTP Request: POST https://api.telegram.org/bot8350475473:AAFKPXj8WZXyV61oZEOh5tj18U13NywM9Xg/getUpdates "HTTP/1.1 200 OK"
2025-10-04 05:31:37,548 - httpx - INFO - HTTP Request: POST https://api.telegram.org/bot8350475473:AAFKPXj8WZXyV61oZEOh5tj18U13NywM9Xg/getUpdates "HTTP/1.1 200 OK"
2025-10-04 05:31:38,234 - httpx - INFO - HTTP Request: POST https://api.telegram.org/bot8350475473:AAFKPXj8WZXyV61oZEOh5tj18U13NywM9Xg/sendMessage "HTTP/1.1 200 OK"
2025-10-04 05:31:47,926 - httpx - INFO - HTTP Request: POST https://api.telegram.org/bot8350475473:AAFKPXj8WZXyV61oZEOh5tj18U13NywM9Xg/getUpdates "HTTP/1.1 200 OK"
2025-10-04 05:31:58,045 - httpx - INFO - HTTP Request: POST https://api.telegram.org/bot8350475473:AAFKPXj8WZXyV61oZEOh5tj18U13NywM9Xg/getUpdates "HTTP/1.1 200 OK"
2025-10-04 05:32:08,164 - httpx - INFO - HTTP Request: POST https://api.telegram.org/bot8350475473:AAFKPXj8WZXyV61oZEOh5tj18U13NywM9Xg/getUpdates "HTTP/1.1 200 OK"
2025-10-04 05:32:18,284 - httpx - INFO - HTTP Request: POST https://api.telegram.org/bot8350475473:AAFKPXj8WZXyV61oZEOh5tj18U13NywM9Xg/getUpdates "HTTP/1.1 200 OK"
2025-10-04 05:32:28,404 - httpx - INFO - HTTP Request: POST https://api.telegram.org/bot8350475473:AAFKPXj8WZXyV61oZEOh5tj18U13NywM9Xg/getUpdates "HTTP/1.1 200 OK"
2025-10-04 05:32:38,525 - httpx - INFO - HTTP Request: POST https://api.telegram.org/bot8350475473:AAFKPXj8WZXyV61oZEOh5tj18U13NywM9Xg/getUpdates "HTTP/1.1 200 OK"
2025-10-04 05:32:48,644 - httpx - INFO - HTTP Request: POST https://api.telegram.org/bot8350475473:AAFKPXj8WZXyV61oZEOh5tj18U13NywM9Xg/getUpdates "HTTP/1.1 200 OK"
2025-10-04 05:32:58,766 - httpx - INFO - HTTP Request: POST https://api.telegram.org/bot8350475473:AAFKPXj8WZXyV61oZEOh5tj18U13NywM9Xg/getUpdates "HTTP/1.1 200 OK"
2025-10-04 05:33:08,886 - httpx - INFO - HTTP Request: POST https://api.telegram.org/bot8350475473:AAFKPXj8WZXyV61oZEOh5tj18U13NywM9Xg/getUpdates "HTTP/1.1 200 OK"
2025-10-04 05:33:19,005 - httpx - INFO - HTTP Request: POST https://api.telegram.org/bot8350475473:AAFKPXj8WZXyV61oZEOh5tj18U13NywM9Xg/getUpdates "HTTP/1.1 200 OK"
2025-10-04 05:33:29,127 - httpx - INFO - HTTP Request: POST https://api.telegram.org/bot8350475473:AAFKPXj8WZXyV61oZEOh5tj18U13NywM9Xg/getUpdates "HTTP/1.1 200 OK"
2025-10-04 05:33:39,249 - httpx - INFO - HTTP Request: POST https://api.telegram.org/bot8350475473:AAFKPXj8WZXyV61oZEOh5tj18U13NywM9Xg/getUpdates "HTTP/1.1 200 OK"
2025-10-04 05:33:49,374 - httpx - INFO - HTTP Request: POST https://api.telegram.org/bot8350475473:AAFKPXj8WZXyV61oZEOh5tj18U13NywM9Xg/getUpdates "HTTP/1.1 200 OK"
2025-10-04 05:33:59,494 - httpx - INFO - HTTP Request: POST https://api.telegram.org/bot8350475473:AAFKPXj8WZXyV61oZEOh5tj18U13NywM9Xg/getUpdates "HTTP/1.1 200 OK"
2025-10-04 05:34:09,614 - httpx - INFO - HTTP Request: POST https://api.telegram.org/bot8350475473:AAFKPXj8WZXyV61oZEOh5tj18U13NywM9Xg/getUpdates "HTTP/1.1 200 OK"
2025-10-04 05:34:19,734 - httpx - INFO - HTTP Request: POST https://api.telegram.org/bot8350475473:AAFKPXj8WZXyV61oZEOh5tj18U13NywM9Xg/getUpdates "HTTP/1.1 200 OK"
2025-10-04 05:34:28,158 - httpx - INFO - HTTP Request: POST https://api.telegram.org/bot8350475473:AAFKPXj8WZXyV61oZEOh5tj18U13NywM9Xg/getUpdates "HTTP/1.1 200 OK"
2025-10-04 05:34:28,855 - httpx - INFO - HTTP Request: POST https://api.telegram.org/bot8350475473:AAFKPXj8WZXyV61oZEOh5tj18U13NywM9Xg/sendMessage "HTTP/1.1 200 OK"
2025-10-04 05:34:38,531 - httpx - INFO - HTTP Request: POST https://api.telegram.org/bot8350475473:AAFKPXj8WZXyV61oZEOh5tj18U13NywM9Xg/getUpdates "HTTP/1.1 200 OK"
2025-10-04 05:34:48,651 - httpx - INFO - HTTP Request: POST https://api.telegram.org/bot8350475473:AAFKPXj8WZXyV61oZEOh5tj18U13NywM9Xg/getUpdates "HTTP/1.1 200 OK"
2025-10-04 05:34:58,773 - httpx - INFO - HTTP Request: POST https://api.telegram.org/bot8350475473:AAFKPXj8WZXyV61oZEOh5tj18U13NywM9Xg/getUpdates "HTTP/1.1 200 OK"
2025-10-04 05:35:08,897 - httpx - INFO - HTTP Request: POST https://api.telegram.org/bot8350475473:AAFKPXj8WZXyV61oZEOh5tj18U13NywM9Xg/getUpdates "HTTP/1.1 200 OK"
2025-10-04 05:35:19,016 - httpx - INFO - HTTP Request: POST https://api.telegram.org/bot8350475473:AAFKPXj8WZXyV61oZEOh5tj18U13NywM9Xg/getUpdates "HTTP/1.1 200 OK"
2025-10-04 05:35:29,136 - httpx - INFO - HTTP Request: POST https://api.telegram.org/bot8350475473:AAFKPXj8WZXyV61oZEOh5tj18U13NywM9Xg/getUpdates "HTTP/1.1 200 OK"
2025-10-04 05:35:39,261 - httpx - INFO - HTTP Request: POST https://api.telegram.org/bot8350475473:AAFKPXj8WZXyV61oZEOh5tj18U13NywM9Xg/getUpdates "HTTP/1.1 200 OK"
2025-10-04 05:35:49,381 - httpx - INFO - HTTP Request: POST https://api.telegram.org/bot8350475473:AAFKPXj8WZXyV61oZEOh5tj18U13NywM9Xg/getUpdates "HTTP/1.1 200 OK"
2025-10-04 05:35:59,501 - httpx - INFO - HTTP Request: POST https://api.telegram.org/bot8350475473:AAFKPXj8WZXyV61oZEOh5tj18U13NywM9Xg/getUpdates "HTTP/1.1 200 OK"
2025-10-04 05:36:09,624 - httpx - INFO - HTTP Request: POST https://api.telegram.org/bot8350475473:AAFKPXj8WZXyV61oZEOh5tj18U13NywM9Xg/getUpdates "HTTP/1.1 200 OK"
2025-10-04 05:36:19,747 - httpx - INFO - HTTP Request: POST https://api.telegram.org/bot8350475473:AAFKPXj8WZXyV61oZEOh5tj18U13NywM9Xg/getUpdates "HTTP/1.1 200 OK"
2025-10-04 05:36:29,870 - httpx - INFO - HTTP Request: POST https://api.telegram.org/bot8350475473:AAFKPXj8WZXyV61oZEOh5tj18U13NywM9Xg/getUpdates "HTTP/1.1 200 OK"
2025-10-04 05:36:39,997 - httpx - INFO - HTTP Request: POST https://api.telegram.org/bot8350475473:AAFKPXj8WZXyV61oZEOh5tj18U13NywM9Xg/getUpdates "HTTP/1.1 200 OK"
2025-10-04 05:36:50,120 - httpx - INFO - HTTP Request: POST https://api.telegram.org/bot8350475473:AAFKPXj8WZXyV61oZEOh5tj18U13NywM9Xg/getUpdates "HTTP/1.1 200 OK"
2025-10-04 05:37:00,240 - httpx - INFO - HTTP Request: POST https://api.telegram.org/bot8350475473:AAFKPXj8WZXyV61oZEOh5tj18U13NywM9Xg/getUpdates "HTTP/1.1 200 OK"
2025-10-04 05:37:10,361 - httpx - INFO - HTTP Request: POST https://api.telegram.org/bot8350475473:AAFKPXj8WZXyV61oZEOh5tj18U13NywM9Xg/getUpdates "HTTP/1.1 200 OK"
2025-10-04 05:37:20,481 - httpx - INFO - HTTP Request: POST https://api.telegram.org/bot8350475473:AAFKPXj8WZXyV61oZEOh5tj18U13NywM9Xg/getUpdates "HTTP/1.1 200 OK"
2025-10-04 05:37:30,600 - httpx - INFO - HTTP Request: POST https://api.telegram.org/bot8350475473:AAFKPXj8WZXyV61oZEOh5tj18U13NywM9Xg/getUpdates "HTTP/1.1 200 OK"
2025-10-04 05:37:40,719 - httpx - INFO - HTTP Request: POST https://api.telegram.org/bot8350475473:AAFKPXj8WZXyV61oZEOh5tj18U13NywM9Xg/getUpdates "HTTP/1.1 200 OK"
2025-10-04 05:37:50,839 - httpx - INFO - HTTP Request: POST https://api.telegram.org/bot8350475473:AAFKPXj8WZXyV61oZEOh5tj18U13NywM9Xg/getUpdates "HTTP/1.1 200 OK"
2025-10-04 05:38:00,960 - httpx - INFO - HTTP Request: POST https://api.telegram.org/bot8350475473:AAFKPXj8WZXyV61oZEOh5tj18U13NywM9Xg/getUpdates "HTTP/1.1 200 OK"
2025-10-04 05:38:11,081 - httpx - INFO - HTTP Request: POST https://api.telegram.org/bot8350475473:AAFKPXj8WZXyV61oZEOh5tj18U13NywM9Xg/getUpdates "HTTP/1.1 200 OK"
2025-10-04 05:38:21,202 - httpx - INFO - HTTP Request: POST https://api.telegram.org/bot8350475473:AAFKPXj8WZXyV61oZEOh5tj18U13NywM9Xg/getUpdates "HTTP/1.1 200 OK"
2025-10-04 05:38:31,327 - httpx - INFO - HTTP Request: POST https://api.telegram.org/bot8350475473:AAFKPXj8WZXyV61oZEOh5tj18U13NywM9Xg/getUpdates "HTTP/1.1 200 OK"
2025-10-04 05:38:41,448 - httpx - INFO - HTTP Request: POST https://api.telegram.org/bot8350475473:AAFKPXj8WZXyV61oZEOh5tj18U13NywM9Xg/getUpdates "HTTP/1.1 200 OK"
2025-10-04 05:38:51,571 - httpx - INFO - HTTP Request: POST https://api.telegram.org/bot8350475473:AAFKPXj8WZXyV61oZEOh5tj18U13NywM9Xg/getUpdates "HTTP/1.1 200 OK"
2025-10-04 05:39:01,694 - httpx - INFO - HTTP Request: POST https://api.telegram.org/bot8350475473:AAFKPXj8WZXyV61oZEOh5tj18U13NywM9Xg/getUpdates "HTTP/1.1 200 OK"
2025-10-04 05:39:11,813 - httpx - INFO - HTTP Request: POST https://api.telegram.org/bot8350475473:AAFKPXj8WZXyV61oZEOh5tj18U13NywM9Xg/getUpdates "HTTP/1.1 200 OK"
2025-10-04 05:39:21,932 - httpx - INFO - HTTP Request: POST https://api.telegram.org/bot8350475473:AAFKPXj8WZXyV61oZEOh5tj18U13NywM9Xg/getUpdates "HTTP/1.1 200 OK"
2025-10-04 05:39:32,052 - httpx - INFO - HTTP Request: POST https://api.telegram.org/bot8350475473:AAFKPXj8WZXyV61oZEOh5tj18U13NywM9Xg/getUpdates "HTTP/1.1 200 OK"
2025-10-04 05:39:42,179 - httpx - INFO - HTTP Request: POST https://api.telegram.org/bot8350475473:AAFKPXj8WZXyV61oZEOh5tj18U13NywM9Xg/getUpdates "HTTP/1.1 200 OK"
2025-10-04 05:39:52,302 - httpx - INFO - HTTP Request: POST https://api.telegram.org/bot8350475473:AAFKPXj8WZXyV61oZEOh5tj18U13NywM9Xg/getUpdates "HTTP/1.1 200 OK"
2025-10-04 05:40:02,421 - httpx - INFO - HTTP Request: POST https://api.telegram.org/bot8350475473:AAFKPXj8WZXyV61oZEOh5tj18U13NywM9Xg/getUpdates "HTTP/1.1 200 OK"
2025-10-04 05:40:12,544 - httpx - INFO - HTTP Request: POST https://api.telegram.org/bot8350475473:AAFKPXj8WZXyV61oZEOh5tj18U13NywM9Xg/getUpdates "HTTP/1.1 200 OK"
2025-10-04 05:40:22,665 - httpx - INFO - HTTP Request: POST https://api.telegram.org/bot8350475473:AAFKPXj8WZXyV61oZEOh5tj18U13NywM9Xg/getUpdates "HTTP/1.1 200 OK"
2025-10-04 05:40:32,786 - httpx - INFO - HTTP Request: POST https://api.telegram.org/bot8350475473:AAFKPXj8WZXyV61oZEOh5tj18U13NywM9Xg/getUpdates "HTTP/1.1 200 OK"
2025-10-04 05:40:42,905 - httpx - INFO - HTTP Request: POST https://api.telegram.org/bot8350475473:AAFKPXj8WZXyV61oZEOh5tj18U13NywM9Xg/getUpdates "HTTP/1.1 200 OK"
2025-10-04 05:40:53,024 - httpx - INFO - HTTP Request: POST https://api.telegram.org/bot8350475473:AAFKPXj8WZXyV61oZEOh5tj18U13NywM9Xg/getUpdates "HTTP/1.1 200 OK"
2025-10-04 05:41:03,155 - httpx - INFO - HTTP Request: POST https://api.telegram.org/bot8350475473:AAFKPXj8WZXyV61oZEOh5tj18U13NywM9Xg/getUpdates "HTTP/1.1 200 OK"
2025-10-04 05:41:13,274 - httpx - INFO - HTTP Request: POST https://api.telegram.org/bot8350475473:AAFKPXj8WZXyV61oZEOh5tj18U13NywM9Xg/getUpdates "HTTP/1.1 200 OK"
2025-10-04 05:41:23,634 - httpx - INFO - HTTP Request: POST https://api.telegram.org/bot8350475473:AAFKPXj8WZXyV61oZEOh5tj18U13NywM9Xg/getUpdates "HTTP/1.1 200 OK"
2025-10-04 05:41:33,757 - httpx - INFO - HTTP Request: POST https://api.telegram.org/bot8350475473:AAFKPXj8WZXyV61oZEOh5tj18U13NywM9Xg/getUpdates "HTTP/1.1 200 OK"
2025-10-04 05:41:43,880 - httpx - INFO - HTTP Request: POST https://api.telegram.org/bot8350475473:AAFKPXj8WZXyV61oZEOh5tj18U13NywM9Xg/getUpdates "HTTP/1.1 200 OK"
2025-10-04 05:41:53,999 - httpx - INFO - HTTP Request: POST https://api.telegram.org/bot8350475473:AAFKPXj8WZXyV61oZEOh5tj18U13NywM9Xg/getUpdates "HTTP/1.1 200 OK"
2025-10-04 05:42:04,119 - httpx - INFO - HTTP Request: POST https://api.telegram.org/bot8350475473:AAFKPXj8WZXyV61oZEOh5tj18U13NywM9Xg/getUpdates "HTTP/1.1 200 OK"
2025-10-04 05:42:14,238 - httpx - INFO - HTTP Request: POST https://api.telegram.org/bot8350475473:AAFKPXj8WZXyV61oZEOh5tj18U13NywM9Xg/getUpdates "HTTP/1.1 200 OK"
2025-10-04 05:42:24,360 - httpx - INFO - HTTP Request: POST https://api.telegram.org/bot8350475473:AAFKPXj8WZXyV61oZEOh5tj18U13NywM9Xg/getUpdates "HTTP/1.1 200 OK"
2025-10-04 05:42:34,480 - httpx - INFO - HTTP Request: POST https://api.telegram.org/bot8350475473:AAFKPXj8WZXyV61oZEOh5tj18U13NywM9Xg/getUpdates "HTTP/1.1 200 OK"
2025-10-04 05:42:44,600 - httpx - INFO - HTTP Request: POST https://api.telegram.org/bot8350475473:AAFKPXj8WZXyV61oZEOh5tj18U13NywM9Xg/getUpdates "HTTP/1.1 200 OK"
2025-10-04 05:42:54,722 - httpx - INFO - HTTP Request: POST https://api.telegram.org/bot8350475473:AAFKPXj8WZXyV61oZEOh5tj18U13NywM9Xg/getUpdates "HTTP/1.1 200 OK"
2025-10-04 05:43:04,842 - httpx - INFO - HTTP Request: POST https://api.telegram.org/bot8350475473:AAFKPXj8WZXyV61oZEOh5tj18U13NywM9Xg/getUpdates "HTTP/1.1 200 OK"
2025-10-04 05:43:14,962 - httpx - INFO - HTTP Request: POST https://api.telegram.org/bot8350475473:AAFKPXj8WZXyV61oZEOh5tj18U13NywM9Xg/getUpdates "HTTP/1.1 200 OK"
2025-10-04 05:43:25,083 - httpx - INFO - HTTP Request: POST https://api.telegram.org/bot8350475473:AAFKPXj8WZXyV61oZEOh5tj18U13NywM9Xg/getUpdates "HTTP/1.1 200 OK"
2025-10-04 05:43:35,206 - httpx - INFO - HTTP Request: POST https://api.telegram.org/bot8350475473:AAFKPXj8WZXyV61oZEOh5tj18U13NywM9Xg/getUpdates "HTTP/1.1 200 OK"
2025-10-04 05:43:45,332 - httpx - INFO - HTTP Request: POST https://api.telegram.org/bot8350475473:AAFKPXj8WZXyV61oZEOh5tj18U13NywM9Xg/getUpdates "HTTP/1.1 200 OK"
2025-10-04 05:43:55,451 - httpx - INFO - HTTP Request: POST https://api.telegram.org/bot8350475473:AAFKPXj8WZXyV61oZEOh5tj18U13NywM9Xg/getUpdates "HTTP/1.1 200 OK"
2025-10-04 05:44:05,571 - httpx - INFO - HTTP Request: POST https://api.telegram.org/bot8350475473:AAFKPXj8WZXyV61oZEOh5tj18U13NywM9Xg/getUpdates "HTTP/1.1 200 OK"
2025-10-04 05:44:15,690 - httpx - INFO - HTTP Request: POST https://api.telegram.org/bot8350475473:AAFKPXj8WZXyV61oZEOh5tj18U13NywM9Xg/getUpdates "HTTP/1.1 200 OK"
2025-10-04 05:44:25,809 - httpx - INFO - HTTP Request: POST https://api.telegram.org/bot8350475473:AAFKPXj8WZXyV61oZEOh5tj18U13NywM9Xg/getUpdates "HTTP/1.1 200 OK"
2025-10-04 05:44:35,944 - httpx - INFO - HTTP Request: POST https://api.telegram.org/bot8350475473:AAFKPXj8WZXyV61oZEOh5tj18U13NywM9Xg/getUpdates "HTTP/1.1 200 OK"
2025-10-04 05:44:46,067 - httpx - INFO - HTTP Request: POST https://api.telegram.org/bot8350475473:AAFKPXj8WZXyV61oZEOh5tj18U13NywM9Xg/getUpdates "HTTP/1.1 200 OK"
2025-10-04 05:44:56,187 - httpx - INFO - HTTP Request: POST https://api.telegram.org/bot8350475473:AAFKPXj8WZXyV61oZEOh5tj18U13NywM9Xg/getUpdates "HTTP/1.1 200 OK"
2025-10-04 05:45:06,306 - httpx - INFO - HTTP Request: POST https://api.telegram.org/bot8350475473:AAFKPXj8WZXyV61oZEOh5tj18U13NywM9Xg/getUpdates "HTTP/1.1 200 OK"
2025-10-04 05:45:16,427 - httpx - INFO - HTTP Request: POST https://api.telegram.org/bot8350475473:AAFKPXj8WZXyV61oZEOh5tj18U13NywM9Xg/getUpdates "HTTP/1.1 200 OK"
2025-10-04 05:45:26,548 - httpx - INFO - HTTP Request: POST https://api.telegram.org/bot8350475473:AAFKPXj8WZXyV61oZEOh5tj18U13NywM9Xg/getUpdates "HTTP/1.1 200 OK"
2025-10-04 05:45:34,479 - httpx - INFO - HTTP Request: POST https://api.telegram.org/bot8350475473:AAFKPXj8WZXyV61oZEOh5tj18U13NywM9Xg/getUpdates "HTTP/1.1 200 OK"
2025-10-04 05:45:35,166 - httpx - INFO - HTTP Request: POST https://api.telegram.org/bot8350475473:AAFKPXj8WZXyV61oZEOh5tj18U13NywM9Xg/sendMessage "HTTP/1.1 200 OK"
2025-10-04 05:45:44,869 - httpx - INFO - HTTP Request: POST https://api.telegram.org/bot8350475473:AAFKPXj8WZXyV61oZEOh5tj18U13NywM9Xg/getUpdates "HTTP/1.1 200 OK"
2025-10-04 05:45:54,988 - httpx - INFO - HTTP Request: POST https://api.telegram.org/bot8350475473:AAFKPXj8WZXyV61oZEOh5tj18U13NywM9Xg/getUpdates "HTTP/1.1 200 OK"
2025-10-04 05:46:05,108 - httpx - INFO - HTTP Request: POST https://api.telegram.org/bot8350475473:AAFKPXj8WZXyV61oZEOh5tj18U13NywM9Xg/getUpdates "HTTP/1.1 200 OK"
2025-10-04 05:46:12,127 - httpx - INFO - HTTP Request: POST https://api.telegram.org/bot8350475473:AAFKPXj8WZXyV61oZEOh5tj18U13NywM9Xg/getUpdates "HTTP/1.1 200 OK"
2025-10-04 05:46:12,757 - httpx - INFO - HTTP Request: POST https://api.telegram.org/bot8350475473:AAFKPXj8WZXyV61oZEOh5tj18U13NywM9Xg/sendMessage "HTTP/1.1 200 OK"
2025-10-04 05:46:22,498 - httpx - INFO - HTTP Request: POST https://api.telegram.org/bot8350475473:AAFKPXj8WZXyV61oZEOh5tj18U13NywM9Xg/getUpdates "HTTP/1.1 200 OK"
2025-10-04 05:46:32,617 - httpx - INFO - HTTP Request: POST https://api.telegram.org/bot8350475473:AAFKPXj8WZXyV61oZEOh5tj18U13NywM9Xg/getUpdates "HTTP/1.1 200 OK"
2025-10-04 05:46:42,738 - httpx - INFO - HTTP Request: POST https://api.telegram.org/bot8350475473:AAFKPXj8WZXyV61oZEOh5tj18U13NywM9Xg/getUpdates "HTTP/1.1 200 OK"
2025-10-04 05:46:52,863 - httpx - INFO - HTTP Request: POST https://api.telegram.org/bot8350475473:AAFKPXj8WZXyV61oZEOh5tj18U13NywM9Xg/getUpdates "HTTP/1.1 200 OK"
2025-10-04 05:47:02,982 - httpx - INFO - HTTP Request: POST https://api.telegram.org/bot8350475473:AAFKPXj8WZXyV61oZEOh5tj18U13NywM9Xg/getUpdates "HTTP/1.1 200 OK"
2025-10-04 05:47:13,103 - httpx - INFO - HTTP Request: POST https://api.telegram.org/bot8350475473:AAFKPXj8WZXyV61oZEOh5tj18U13NywM9Xg/getUpdates "HTTP/1.1 200 OK"
2025-10-04 05:47:23,223 - httpx - INFO - HTTP Request: POST https://api.telegram.org/bot8350475473:AAFKPXj8WZXyV61oZEOh5tj18U13NywM9Xg/getUpdates "HTTP/1.1 200 OK"
2025-10-04 05:47:33,345 - httpx - INFO - HTTP Request: POST https://api.telegram.org/bot8350475473:AAFKPXj8WZXyV61oZEOh5tj18U13NywM9Xg/getUpdates "HTTP/1.1 200 OK"
2025-10-04 05:47:43,465 - httpx - INFO - HTTP Request: POST https://api.telegram.org/bot8350475473:AAFKPXj8WZXyV61oZEOh5tj18U13NywM9Xg/getUpdates "HTTP/1.1 200 OK"
2025-10-04 05:47:53,590 - httpx - INFO - HTTP Request: POST https://api.telegram.org/bot8350475473:AAFKPXj8WZXyV61oZEOh5tj18U13NywM9Xg/getUpdates "HTTP/1.1 200 OK"
2025-10-04 05:48:03,713 - httpx - INFO - HTTP Request: POST https://api.telegram.org/bot8350475473:AAFKPXj8WZXyV61oZEOh5tj18U13NywM9Xg/getUpdates "HTTP/1.1 200 OK"
2025-10-04 05:48:13,838 - httpx - INFO - HTTP Request: POST https://api.telegram.org/bot8350475473:AAFKPXj8WZXyV61oZEOh5tj18U13NywM9Xg/getUpdates "HTTP/1.1 200 OK"
2025-10-04 05:48:23,959 - httpx - INFO - HTTP Request: POST https://api.telegram.org/bot8350475473:AAFKPXj8WZXyV61oZEOh5tj18U13NywM9Xg/getUpdates "HTTP/1.1 200 OK"
2025-10-04 05:48:34,081 - httpx - INFO - HTTP Request: POST https://api.telegram.org/bot8350475473:AAFKPXj8WZXyV61oZEOh5tj18U13NywM9Xg/getUpdates "HTTP/1.1 200 OK"
2025-10-04 05:48:44,202 - httpx - INFO - HTTP Request: POST https://api.telegram.org/bot8350475473:AAFKPXj8WZXyV61oZEOh5tj18U13NywM9Xg/getUpdates "HTTP/1.1 200 OK"
2025-10-04 05:48:48,279 - httpx - INFO - HTTP Request: POST https://api.telegram.org/bot8350475473:AAFKPXj8WZXyV61oZEOh5tj18U13NywM9Xg/getUpdates "HTTP/1.1 200 OK"
2025-10-04 05:48:48,909 - httpx - INFO - HTTP Request: POST https://api.telegram.org/bot8350475473:AAFKPXj8WZXyV61oZEOh5tj18U13NywM9Xg/sendMessage "HTTP/1.1 200 OK"
2025-10-04 05:48:58,652 - httpx - INFO - HTTP Request: POST https://api.telegram.org/bot8350475473:AAFKPXj8WZXyV61oZEOh5tj18U13NywM9Xg/getUpdates "HTTP/1.1 200 OK"
2025-10-04 05:49:08,793 - httpx - INFO - HTTP Request: POST https://api.telegram.org/bot8350475473:AAFKPXj8WZXyV61oZEOh5tj18U13NywM9Xg/getUpdates "HTTP/1.1 200 OK"
2025-10-04 05:49:18,915 - httpx - INFO - HTTP Request: POST https://api.telegram.org/bot8350475473:AAFKPXj8WZXyV61oZEOh5tj18U13NywM9Xg/getUpdates "HTTP/1.1 200 OK"
2025-10-04 05:49:29,038 - httpx - INFO - HTTP Request: POST https://api.telegram.org/bot8350475473:AAFKPXj8WZXyV61oZEOh5tj18U13NywM9Xg/getUpdates "HTTP/1.1 200 OK"
2025-10-04 05:49:39,160 - httpx - INFO - HTTP Request: POST https://api.telegram.org/bot8350475473:AAFKPXj8WZXyV61oZEOh5tj18U13NywM9Xg/getUpdates "HTTP/1.1 200 OK"
2025-10-04 05:49:49,281 - httpx - INFO - HTTP Request: POST https://api.telegram.org/bot8350475473:AAFKPXj8WZXyV61oZEOh5tj18U13NywM9Xg/getUpdates "HTTP/1.1 200 OK"
2025-10-04 05:49:59,404 - httpx - INFO - HTTP Request: POST https://api.telegram.org/bot8350475473:AAFKPXj8WZXyV61oZEOh5tj18U13NywM9Xg/getUpdates "HTTP/1.1 200 OK"
2025-10-04 05:50:09,525 - httpx - INFO - HTTP Request: POST https://api.telegram.org/bot8350475473:AAFKPXj8WZXyV61oZEOh5tj18U13NywM9Xg/getUpdates "HTTP/1.1 200 OK"
2025-10-04 05:50:19,655 - httpx - INFO - HTTP Request: POST https://api.telegram.org/bot8350475473:AAFKPXj8WZXyV61oZEOh5tj18U13NywM9Xg/getUpdates "HTTP/1.1 200 OK"
2025-10-04 05:50:29,777 - httpx - INFO - HTTP Request: POST https://api.telegram.org/bot8350475473:AAFKPXj8WZXyV61oZEOh5tj18U13NywM9Xg/getUpdates "HTTP/1.1 200 OK"
2025-10-04 05:50:39,896 - httpx - INFO - HTTP Request: POST https://api.telegram.org/bot8350475473:AAFKPXj8WZXyV61oZEOh5tj18U13NywM9Xg/getUpdates "HTTP/1.1 200 OK"
2025-10-04 05:50:50,015 - httpx - INFO - HTTP Request: POST https://api.telegram.org/bot8350475473:AAFKPXj8WZXyV61oZEOh5tj18U13NywM9Xg/getUpdates "HTTP/1.1 200 OK"
2025-10-04 05:51:00,134 - httpx - INFO - HTTP Request: POST https://api.telegram.org/bot8350475473:AAFKPXj8WZXyV61oZEOh5tj18U13NywM9Xg/getUpdates "HTTP/1.1 200 OK"
2025-10-04 05:51:10,256 - httpx - INFO - HTTP Request: POST https://api.telegram.org/bot8350475473:AAFKPXj8WZXyV61oZEOh5tj18U13NywM9Xg/getUpdates "HTTP/1.1 200 OK"
2025-10-04 05:51:20,375 - httpx - INFO - HTTP Request: POST https://api.telegram.org/bot8350475473:AAFKPXj8WZXyV61oZEOh5tj18U13NywM9Xg/getUpdates "HTTP/1.1 200 OK"
2025-10-04 05:51:30,495 - httpx - INFO - HTTP Request: POST https://api.telegram.org/bot8350475473:AAFKPXj8WZXyV61oZEOh5tj18U13NywM9Xg/getUpdates "HTTP/1.1 200 OK"
2025-10-04 05:51:40,615 - httpx - INFO - HTTP Request: POST https://api.telegram.org/bot8350475473:AAFKPXj8WZXyV61oZEOh5tj18U13NywM9Xg/getUpdates "HTTP/1.1 200 OK"
2025-10-04 05:51:50,736 - httpx - INFO - HTTP Request: POST https://api.telegram.org/bot8350475473:AAFKPXj8WZXyV61oZEOh5tj18U13NywM9Xg/getUpdates "HTTP/1.1 200 OK"
